<?xml version="1.0" encoding="UTF-8"?>
<!-- Generated by org.testng.reporters.JUnitReportReporter -->
<testsuite hostname="kairosHW0404" failures="0" tests="1" name="first.bha" time="10.779" errors="0" timestamp="2023-04-18T15:00:00 IST" skipped="0">
  <testcase classname="first.bha" name="ANUsha" time="10.779"/>
  <system-out/>
</testsuite> <!-- first.bha -->
