<?xml version="1.0" encoding="UTF-8"?>
<!-- Generated by org.testng.reporters.JUnitReportReporter -->
<testsuite hostname="kairosHW0404" failures="0" tests="5" name="first.testngdp" time="13.159" errors="0" timestamp="2023-04-28T12:33:33 IST" skipped="0">
  <testcase classname="first.testngdp" name="login" time="2.330"/>
  <system-out/>
  <testcase classname="first.testngdp" name="login" time="6.233"/>
  <system-out/>
  <testcase classname="first.testngdp" name="login" time="1.592"/>
  <system-out/>
  <testcase classname="first.testngdp" name="login" time="1.459"/>
  <system-out/>
  <testcase classname="first.testngdp" name="login" time="1.545"/>
  <system-out/>
</testsuite> <!-- first.testngdp -->
